<?xml version="1.0" encoding="UTF-8"?>
<!-- Generated by org.testng.reporters.JUnitReportReporter -->
<testsuite skipped="0" hostname="MSSPAD1039" name="reqres_api.CreateBodyUsingPOJO" tests="1" failures="0" timestamp="2023-04-03T09:26:32 IST" time="2.087" errors="0">
  <testcase name="postPOJO" time="2.087" classname="reqres_api.CreateBodyUsingPOJO"/>
  <system-out/>
</testsuite> <!-- reqres_api.CreateBodyUsingPOJO -->
