<?xml version="1.0" encoding="UTF-8"?>
<!-- Generated by org.testng.reporters.JUnitReportReporter -->
<testsuite skipped="0" hostname="MSSPAD1039" name="reqres_api.CreateBodyUsingExternalFile" tests="1" failures="0" timestamp="2023-04-03T09:52:49 IST" time="1.841" errors="0">
  <testcase name="testPostUsingExternalFile" time="1.841" classname="reqres_api.CreateBodyUsingExternalFile"/>
  <system-out/>
</testsuite> <!-- reqres_api.CreateBodyUsingExternalFile -->
