<?xml version="1.0" encoding="UTF-8"?>
<!-- Generated by org.testng.reporters.JUnitReportReporter -->
<testsuite skipped="0" hostname="MSSPAD1039" name="reqres_api.Create_User" tests="2" failures="0" timestamp="2023-04-01T14:36:24 IST" time="3.157" errors="0">
  <testcase name="createUsers" time="2.970" classname="reqres_api.Create_User"/>
  <system-out/>
  <testcase name="getUser" time="0.187" classname="reqres_api.Create_User"/>
  <system-out/>
</testsuite> <!-- reqres_api.Create_User -->
