<?xml version="1.0" encoding="UTF-8"?>
<!-- Generated by org.testng.reporters.JUnitReportReporter -->
<testsuite skipped="0" hostname="MSSPAD1039" name="reqres_api.UploadFile" tests="1" failures="0" timestamp="2023-04-04T23:42:52 IST" time="1.608" errors="0">
  <testcase name="upload" time="1.608" classname="reqres_api.UploadFile"/>
  <system-out/>
</testsuite> <!-- reqres_api.UploadFile -->
