<?xml version="1.0" encoding="UTF-8"?>
<!-- Generated by org.testng.reporters.JUnitReportReporter -->
<testsuite skipped="0" hostname="MSSPAD1039" name="reqres_api.CreateBodyUsingJSONObject" tests="1" failures="0" timestamp="2023-04-03T09:23:04 IST" time="2.051" errors="0">
  <testcase name="updateUser" time="2.051" classname="reqres_api.CreateBodyUsingJSONObject"/>
  <system-out/>
</testsuite> <!-- reqres_api.CreateBodyUsingJSONObject -->
