<?xml version="1.0" encoding="UTF-8"?>
<!-- Generated by org.testng.reporters.JUnitReportReporter -->
<testsuite skipped="0" hostname="MSSPAD1039" name="reqres_api.ResponseBodyValidation" tests="1" failures="0" timestamp="2023-04-04T10:15:43 IST" time="2.390" errors="0">
  <testcase name="validateUser" time="2.390" classname="reqres_api.ResponseBodyValidation"/>
  <system-out/>
</testsuite> <!-- reqres_api.ResponseBodyValidation -->
