<?xml version="1.0" encoding="UTF-8"?>
<!-- Generated by org.testng.reporters.JUnitReportReporter -->
<testsuite skipped="0" hostname="MSSPAD1039" name="reqres_api.GetStudents" tests="2" failures="0" timestamp="2023-04-01T15:13:40 IST" time="2.114" errors="0">
  <testcase name="createUsers" time="2.017" classname="reqres_api.GetStudents"/>
  <system-out/>
  <testcase name="getUser" time="0.097" classname="reqres_api.GetStudents"/>
  <system-out/>
</testsuite> <!-- reqres_api.GetStudents -->
